  stdafx.cpp
  tilemap.cpp
  exam3.cpp
c:\users\onec5\desktop\clone\c_study2017\day15\exam3\exam3.cpp(169): warning C4996: 'fopen': This function or variable may be unsafe. Consider using fopen_s instead. To disable deprecation, use _CRT_SECURE_NO_WARNINGS. See online help for details.
  c:\program files (x86)\windows kits\10\include\10.0.15063.0\ucrt\stdio.h(207): note: 'fopen' 선언을 참조하십시오.
c:\users\onec5\desktop\clone\c_study2017\day15\exam3\exam3.cpp(181): warning C4996: 'fopen': This function or variable may be unsafe. Consider using fopen_s instead. To disable deprecation, use _CRT_SECURE_NO_WARNINGS. See online help for details.
  c:\program files (x86)\windows kits\10\include\10.0.15063.0\ucrt\stdio.h(207): note: 'fopen' 선언을 참조하십시오.
c:\users\onec5\desktop\clone\c_study2017\day15\exam3\exam3.cpp(330): warning C4996: 'wcstok': wcstok has been changed to conform with the ISO C standard, adding an extra context parameter. To use the legacy Microsoft wcstok, define _CRT_NON_CONFORMING_WCSTOK.
  c:\program files (x86)\windows kits\10\include\10.0.15063.0\ucrt\corecrt_wstring.h(261): note: 'wcstok' 선언을 참조하십시오.
c:\users\onec5\desktop\clone\c_study2017\day15\exam3\exam3.cpp(335): warning C4996: 'wcstok': wcstok has been changed to conform with the ISO C standard, adding an extra context parameter. To use the legacy Microsoft wcstok, define _CRT_NON_CONFORMING_WCSTOK.
  c:\program files (x86)\windows kits\10\include\10.0.15063.0\ucrt\corecrt_wstring.h(261): note: 'wcstok' 선언을 참조하십시오.
c:\users\onec5\desktop\clone\c_study2017\day15\exam3\exam3.cpp(337): warning C4996: 'wcstok': wcstok has been changed to conform with the ISO C standard, adding an extra context parameter. To use the legacy Microsoft wcstok, define _CRT_NON_CONFORMING_WCSTOK.
  c:\program files (x86)\windows kits\10\include\10.0.15063.0\ucrt\corecrt_wstring.h(261): note: 'wcstok' 선언을 참조하십시오.
c:\users\onec5\desktop\clone\c_study2017\day15\exam3\exam3.cpp(339): warning C4996: 'wcstok': wcstok has been changed to conform with the ISO C standard, adding an extra context parameter. To use the legacy Microsoft wcstok, define _CRT_NON_CONFORMING_WCSTOK.
  c:\program files (x86)\windows kits\10\include\10.0.15063.0\ucrt\corecrt_wstring.h(261): note: 'wcstok' 선언을 참조하십시오.
c:\users\onec5\desktop\clone\c_study2017\day15\exam3\exam3.cpp(346): warning C4996: 'wcstok': wcstok has been changed to conform with the ISO C standard, adding an extra context parameter. To use the legacy Microsoft wcstok, define _CRT_NON_CONFORMING_WCSTOK.
  c:\program files (x86)\windows kits\10\include\10.0.15063.0\ucrt\corecrt_wstring.h(261): note: 'wcstok' 선언을 참조하십시오.
c:\users\onec5\desktop\clone\c_study2017\day15\exam3\exam3.cpp(348): warning C4996: 'wcstok': wcstok has been changed to conform with the ISO C standard, adding an extra context parameter. To use the legacy Microsoft wcstok, define _CRT_NON_CONFORMING_WCSTOK.
  c:\program files (x86)\windows kits\10\include\10.0.15063.0\ucrt\corecrt_wstring.h(261): note: 'wcstok' 선언을 참조하십시오.
c:\users\onec5\desktop\clone\c_study2017\day15\exam3\exam3.cpp(350): warning C4996: 'wcstok': wcstok has been changed to conform with the ISO C standard, adding an extra context parameter. To use the legacy Microsoft wcstok, define _CRT_NON_CONFORMING_WCSTOK.
  c:\program files (x86)\windows kits\10\include\10.0.15063.0\ucrt\corecrt_wstring.h(261): note: 'wcstok' 선언을 참조하십시오.
  코드를 생성하고 있습니다...
  exam3.vcxproj -> C:\Users\onec5\Desktop\clone\c_study2017\day15\x64\Debug\exam3_mapeditor_1.exe
  exam3.vcxproj -> C:\Users\onec5\Desktop\clone\c_study2017\day15\x64\Debug\exam3_mapeditor_1.pdb (Partial PDB)
